[26-Oct-2017 01:37:23 UTC] PHP Parse error:  syntax error, unexpected end of file in /app/public/wp-content/themes/EvinGrost/page-blog.php on line 413
[26-Oct-2017 01:51:36 UTC] PHP Parse error:  syntax error, unexpected end of file in /app/public/wp-content/themes/EvinGrost/page-blog.php on line 430
[26-Oct-2017 01:52:31 UTC] PHP Parse error:  syntax error, unexpected end of file in /app/public/wp-content/themes/EvinGrost/page-blog.php on line 430
[26-Oct-2017 01:52:31 UTC] PHP Parse error:  syntax error, unexpected end of file in /app/public/wp-content/themes/EvinGrost/page-blog.php on line 430
[26-Oct-2017 01:52:32 UTC] PHP Parse error:  syntax error, unexpected end of file in /app/public/wp-content/themes/EvinGrost/page-blog.php on line 430
[26-Oct-2017 01:54:28 UTC] PHP Parse error:  syntax error, unexpected end of file in /app/public/wp-content/themes/EvinGrost/page-blog.php on line 430
[26-Oct-2017 01:54:28 UTC] PHP Parse error:  syntax error, unexpected end of file in /app/public/wp-content/themes/EvinGrost/page-blog.php on line 430
[26-Oct-2017 01:54:28 UTC] PHP Parse error:  syntax error, unexpected end of file in /app/public/wp-content/themes/EvinGrost/page-blog.php on line 430
[26-Oct-2017 01:54:29 UTC] PHP Parse error:  syntax error, unexpected end of file in /app/public/wp-content/themes/EvinGrost/page-blog.php on line 430
[26-Oct-2017 02:17:16 UTC] PHP Parse error:  syntax error, unexpected end of file in /app/public/wp-content/themes/EvinGrost/page-blog.php on line 439
[26-Oct-2017 02:17:16 UTC] PHP Parse error:  syntax error, unexpected end of file in /app/public/wp-content/themes/EvinGrost/page-blog.php on line 439
[26-Oct-2017 02:18:08 UTC] PHP Parse error:  syntax error, unexpected end of file in /app/public/wp-content/themes/EvinGrost/page-blog.php on line 439
[26-Oct-2017 02:18:08 UTC] PHP Parse error:  syntax error, unexpected end of file in /app/public/wp-content/themes/EvinGrost/page-blog.php on line 439
[26-Oct-2017 02:18:14 UTC] PHP Parse error:  syntax error, unexpected end of file in /app/public/wp-content/themes/EvinGrost/page-blog.php on line 437
[26-Oct-2017 02:18:14 UTC] PHP Parse error:  syntax error, unexpected end of file in /app/public/wp-content/themes/EvinGrost/page-blog.php on line 437
[26-Oct-2017 02:18:19 UTC] PHP Parse error:  syntax error, unexpected end of file in /app/public/wp-content/themes/EvinGrost/page-blog.php on line 437
[26-Oct-2017 02:18:20 UTC] PHP Parse error:  syntax error, unexpected end of file in /app/public/wp-content/themes/EvinGrost/page-blog.php on line 437
[26-Oct-2017 02:18:47 UTC] PHP Parse error:  syntax error, unexpected end of file in /app/public/wp-content/themes/EvinGrost/page-blog.php on line 424
[26-Oct-2017 02:18:47 UTC] PHP Parse error:  syntax error, unexpected end of file in /app/public/wp-content/themes/EvinGrost/page-blog.php on line 424
[26-Oct-2017 02:18:47 UTC] PHP Parse error:  syntax error, unexpected end of file in /app/public/wp-content/themes/EvinGrost/page-blog.php on line 424
[26-Oct-2017 02:18:48 UTC] PHP Parse error:  syntax error, unexpected end of file in /app/public/wp-content/themes/EvinGrost/page-blog.php on line 424
[26-Oct-2017 02:18:54 UTC] PHP Parse error:  syntax error, unexpected end of file in /app/public/wp-content/themes/EvinGrost/page-blog.php on line 424
[26-Oct-2017 02:18:54 UTC] PHP Parse error:  syntax error, unexpected end of file in /app/public/wp-content/themes/EvinGrost/page-blog.php on line 424
[26-Oct-2017 02:25:56 UTC] PHP Parse error:  syntax error, unexpected '.' in /app/public/wp-content/themes/EvinGrost/page-blog.php on line 53
[26-Oct-2017 02:25:57 UTC] PHP Parse error:  syntax error, unexpected '.' in /app/public/wp-content/themes/EvinGrost/page-blog.php on line 53
[26-Oct-2017 02:56:14 UTC] PHP Fatal error:  Uncaught Error: Cannot use object of type WP_Post as array in /app/public/wp-content/themes/EvinGrost/page-blog.php:45
Stack trace:
#0 /app/public/wp-includes/template-loader.php(74): include()
#1 /app/public/wp-blog-header.php(19): require_once('/app/public/wp-...')
#2 /app/public/index.php(17): require('/app/public/wp-...')
#3 {main}
  thrown in /app/public/wp-content/themes/EvinGrost/page-blog.php on line 45
[26-Oct-2017 02:56:14 UTC] PHP Fatal error:  Uncaught Error: Cannot use object of type WP_Post as array in /app/public/wp-content/themes/EvinGrost/page-blog.php:45
Stack trace:
#0 /app/public/wp-includes/template-loader.php(74): include()
#1 /app/public/wp-blog-header.php(19): require_once('/app/public/wp-...')
#2 /app/public/index.php(17): require('/app/public/wp-...')
#3 {main}
  thrown in /app/public/wp-content/themes/EvinGrost/page-blog.php on line 45
[26-Oct-2017 03:00:55 UTC] PHP Parse error:  syntax error, unexpected '.' in /app/public/wp-content/themes/EvinGrost/page-blog.php on line 75
[26-Oct-2017 03:00:55 UTC] PHP Parse error:  syntax error, unexpected '.' in /app/public/wp-content/themes/EvinGrost/page-blog.php on line 75
[26-Oct-2017 03:06:13 UTC] PHP Fatal error:  Uncaught Error: Call to undefined function get_the_excerpt_id() in /app/public/wp-content/themes/EvinGrost/page-blog.php:45
Stack trace:
#0 /app/public/wp-includes/template-loader.php(74): include()
#1 /app/public/wp-blog-header.php(19): require_once('/app/public/wp-...')
#2 /app/public/index.php(17): require('/app/public/wp-...')
#3 {main}
  thrown in /app/public/wp-content/themes/EvinGrost/page-blog.php on line 45
[26-Oct-2017 03:06:13 UTC] PHP Fatal error:  Uncaught Error: Call to undefined function get_the_excerpt_id() in /app/public/wp-content/themes/EvinGrost/page-blog.php:45
Stack trace:
#0 /app/public/wp-includes/template-loader.php(74): include()
#1 /app/public/wp-blog-header.php(19): require_once('/app/public/wp-...')
#2 /app/public/index.php(17): require('/app/public/wp-...')
#3 {main}
  thrown in /app/public/wp-content/themes/EvinGrost/page-blog.php on line 45
[26-Oct-2017 03:06:23 UTC] PHP Fatal error:  Uncaught Error: Call to undefined function get_the_excerpt_id() in /app/public/wp-content/themes/EvinGrost/page-blog.php:45
Stack trace:
#0 /app/public/wp-includes/template-loader.php(74): include()
#1 /app/public/wp-blog-header.php(19): require_once('/app/public/wp-...')
#2 /app/public/index.php(17): require('/app/public/wp-...')
#3 {main}
  thrown in /app/public/wp-content/themes/EvinGrost/page-blog.php on line 45
[26-Oct-2017 03:06:23 UTC] PHP Fatal error:  Uncaught Error: Call to undefined function get_the_excerpt_id() in /app/public/wp-content/themes/EvinGrost/page-blog.php:45
Stack trace:
#0 /app/public/wp-includes/template-loader.php(74): include()
#1 /app/public/wp-blog-header.php(19): require_once('/app/public/wp-...')
#2 /app/public/index.php(17): require('/app/public/wp-...')
#3 {main}
  thrown in /app/public/wp-content/themes/EvinGrost/page-blog.php on line 45
[26-Oct-2017 03:06:24 UTC] PHP Fatal error:  Uncaught Error: Call to undefined function get_the_excerpt_id() in /app/public/wp-content/themes/EvinGrost/page-blog.php:45
Stack trace:
#0 /app/public/wp-includes/template-loader.php(74): include()
#1 /app/public/wp-blog-header.php(19): require_once('/app/public/wp-...')
#2 /app/public/index.php(17): require('/app/public/wp-...')
#3 {main}
  thrown in /app/public/wp-content/themes/EvinGrost/page-blog.php on line 45
[26-Oct-2017 03:11:01 UTC] PHP Parse error:  syntax error, unexpected ';', expecting ',' or ')' in /app/public/wp-content/themes/EvinGrost/page-blog.php on line 46
[26-Oct-2017 03:11:01 UTC] PHP Parse error:  syntax error, unexpected ';', expecting ',' or ')' in /app/public/wp-content/themes/EvinGrost/page-blog.php on line 46
[26-Oct-2017 03:26:15 UTC] PHP Recoverable fatal error:  Object of class WP_Post could not be converted to string in /app/public/wp-content/themes/EvinGrost/page-blog.php on line 76
[26-Oct-2017 03:26:15 UTC] PHP Recoverable fatal error:  Object of class WP_Post could not be converted to string in /app/public/wp-content/themes/EvinGrost/page-blog.php on line 76
[26-Oct-2017 03:26:16 UTC] PHP Recoverable fatal error:  Object of class WP_Post could not be converted to string in /app/public/wp-content/themes/EvinGrost/page-blog.php on line 76
[26-Oct-2017 03:30:31 UTC] PHP Fatal error:  Uncaught Error: Call to undefined function get_excerpt() in /app/public/wp-content/themes/EvinGrost/page-blog.php:46
Stack trace:
#0 /app/public/wp-includes/template-loader.php(74): include()
#1 /app/public/wp-blog-header.php(19): require_once('/app/public/wp-...')
#2 /app/public/index.php(17): require('/app/public/wp-...')
#3 {main}
  thrown in /app/public/wp-content/themes/EvinGrost/page-blog.php on line 46
[26-Oct-2017 03:30:31 UTC] PHP Fatal error:  Uncaught Error: Call to undefined function get_excerpt() in /app/public/wp-content/themes/EvinGrost/page-blog.php:46
Stack trace:
#0 /app/public/wp-includes/template-loader.php(74): include()
#1 /app/public/wp-blog-header.php(19): require_once('/app/public/wp-...')
#2 /app/public/index.php(17): require('/app/public/wp-...')
#3 {main}
  thrown in /app/public/wp-content/themes/EvinGrost/page-blog.php on line 46
