[25-Oct-2017 16:09:21] NOTICE: fpm is running, pid 14
[25-Oct-2017 16:09:21] NOTICE: ready to handle connections
[27-Oct-2017 13:54:45] NOTICE: fpm is running, pid 26
[27-Oct-2017 13:54:45] NOTICE: ready to handle connections
[28-Oct-2017 03:29:02] NOTICE: fpm is running, pid 27
[28-Oct-2017 03:29:02] NOTICE: ready to handle connections
[30-Oct-2017 18:44:20] NOTICE: fpm is running, pid 8
[30-Oct-2017 18:44:20] NOTICE: ready to handle connections
[09-Nov-2017 21:02:49] NOTICE: fpm is running, pid 26
[09-Nov-2017 21:02:49] NOTICE: ready to handle connections
[21-Nov-2017 15:44:34] NOTICE: fpm is running, pid 8
[21-Nov-2017 15:44:34] NOTICE: ready to handle connections
[02-Dec-2017 18:26:14] NOTICE: fpm is running, pid 9
[02-Dec-2017 18:26:14] NOTICE: ready to handle connections
[02-Dec-2017 18:27:10] NOTICE: fpm is running, pid 8
[02-Dec-2017 18:27:10] NOTICE: ready to handle connections
[02-Dec-2017 18:29:39] NOTICE: fpm is running, pid 26
[02-Dec-2017 18:29:39] NOTICE: ready to handle connections
[05-Mar-2018 22:55:34] NOTICE: fpm is running, pid 51
[05-Mar-2018 22:55:34] NOTICE: ready to handle connections
[06-Mar-2018 14:34:45] NOTICE: Terminating ...
[06-Mar-2018 14:34:45] NOTICE: exiting, bye-bye!
[06-Mar-2018 14:42:16] NOTICE: fpm is running, pid 42
[06-Mar-2018 14:42:16] NOTICE: ready to handle connections
[06-Mar-2018 17:53:25] NOTICE: Terminating ...
[06-Mar-2018 17:53:25] NOTICE: exiting, bye-bye!
