2017-10-25 16:09:21 28 [Warning] Using unique option prefix myisam-recover instead of myisam-recover-options is deprecated and will be removed in a future release. Please use the full name instead.
2017-10-25 16:09:21 28 [Note] Plugin 'FEDERATED' is disabled.
2017-10-25 16:09:21 28 [Note] InnoDB: Using atomics to ref count buffer pool pages
2017-10-25 16:09:21 28 [Note] InnoDB: The InnoDB memory heap is disabled
2017-10-25 16:09:21 28 [Note] InnoDB: Mutexes and rw_locks use GCC atomic builtins
2017-10-25 16:09:21 28 [Note] InnoDB: Memory barrier is not used
2017-10-25 16:09:21 28 [Note] InnoDB: Compressed tables use zlib 1.2.3
2017-10-25 16:09:21 28 [Note] InnoDB: Using Linux native AIO
2017-10-25 16:09:21 28 [Note] InnoDB: Using CPU crc32 instructions
2017-10-25 16:09:21 28 [Note] InnoDB: Initializing buffer pool, size = 8.0M
2017-10-25 16:09:21 28 [Note] InnoDB: Completed initialization of buffer pool
2017-10-25 16:09:21 28 [Note] InnoDB: Highest supported file format is Barracuda.
2017-10-25 16:09:22 28 [Note] InnoDB: The log sequence numbers 1625987 and 1625987 in ibdata files do not match the log sequence number 1625997 in the ib_logfiles!
2017-10-25 16:09:22 28 [Note] InnoDB: Database was not shutdown normally!
2017-10-25 16:09:22 28 [Note] InnoDB: Starting crash recovery.
2017-10-25 16:09:22 28 [Note] InnoDB: Reading tablespace information from the .ibd files...
2017-10-25 16:09:22 28 [Note] InnoDB: Restoring possible half-written data pages 
2017-10-25 16:09:22 28 [Note] InnoDB: from the doublewrite buffer...
2017-10-25 16:09:22 28 [Note] InnoDB: 128 rollback segment(s) are active.
2017-10-25 16:09:22 28 [Note] InnoDB: Waiting for purge to start
2017-10-25 16:09:22 28 [Note] InnoDB: 5.6.37 started; log sequence number 1625997
2017-10-25 16:09:22 28 [Note] Server hostname (bind-address): '*'; port: 3306
2017-10-25 16:09:22 28 [Note] IPv6 is available.
2017-10-25 16:09:22 28 [Note]   - '::' resolves to '::';
2017-10-25 16:09:22 28 [Note] Server socket created on IP: '::'.
2017-10-25 16:09:22 28 [ERROR] /usr/sbin/mysqld: Table './mysql/user' is marked as crashed and should be repaired
2017-10-25 16:09:22 28 [Warning] Checking table:   './mysql/user'
2017-10-25 16:09:22 28 [ERROR] 1 client is using or hasn't closed the table properly
2017-10-25 16:09:22 28 [Warning] 'user' entry 'root@e24d0b5cccc1' ignored in --skip-name-resolve mode.
2017-10-25 16:09:22 28 [Warning] 'user' entry '@e24d0b5cccc1' ignored in --skip-name-resolve mode.
2017-10-25 16:09:22 28 [Warning] 'proxies_priv' entry '@ root@e24d0b5cccc1' ignored in --skip-name-resolve mode.
2017-10-25 16:09:22 28 [Note] Event Scheduler: Loaded 0 events
2017-10-25 16:09:22 28 [Note] /usr/sbin/mysqld: ready for connections.
Version: '5.6.37'  socket: '/var/run/mysqld/mysqld.sock'  port: 3306  MySQL Community Server (GPL)
2017-10-27 13:54:45 39 [Warning] Using unique option prefix myisam-recover instead of myisam-recover-options is deprecated and will be removed in a future release. Please use the full name instead.
2017-10-27 13:54:45 39 [Note] Plugin 'FEDERATED' is disabled.
2017-10-27 13:54:45 39 [Note] InnoDB: Using atomics to ref count buffer pool pages
2017-10-27 13:54:45 39 [Note] InnoDB: The InnoDB memory heap is disabled
2017-10-27 13:54:45 39 [Note] InnoDB: Mutexes and rw_locks use GCC atomic builtins
2017-10-27 13:54:45 39 [Note] InnoDB: Memory barrier is not used
2017-10-27 13:54:45 39 [Note] InnoDB: Compressed tables use zlib 1.2.3
2017-10-27 13:54:45 39 [Note] InnoDB: Using Linux native AIO
2017-10-27 13:54:45 39 [Note] InnoDB: Using CPU crc32 instructions
2017-10-27 13:54:45 39 [Note] InnoDB: Initializing buffer pool, size = 8.0M
2017-10-27 13:54:45 39 [Note] InnoDB: Completed initialization of buffer pool
2017-10-27 13:54:45 39 [Note] InnoDB: Highest supported file format is Barracuda.
2017-10-27 13:54:45 39 [Note] InnoDB: The log sequence numbers 1625987 and 1625987 in ibdata files do not match the log sequence number 5498675 in the ib_logfiles!
2017-10-27 13:54:45 39 [Note] InnoDB: Database was not shutdown normally!
2017-10-27 13:54:45 39 [Note] InnoDB: Starting crash recovery.
2017-10-27 13:54:45 39 [Note] InnoDB: Reading tablespace information from the .ibd files...
2017-10-27 13:54:45 39 [Note] InnoDB: Restoring possible half-written data pages 
2017-10-27 13:54:45 39 [Note] InnoDB: from the doublewrite buffer...
2017-10-27 13:54:45 39 [Note] InnoDB: 128 rollback segment(s) are active.
2017-10-27 13:54:45 39 [Note] InnoDB: Waiting for purge to start
2017-10-27 13:54:45 39 [Note] InnoDB: 5.6.37 started; log sequence number 5498675
2017-10-27 13:54:45 39 [Note] Server hostname (bind-address): '*'; port: 3306
2017-10-27 13:54:45 39 [Note] IPv6 is available.
2017-10-27 13:54:45 39 [Note]   - '::' resolves to '::';
2017-10-27 13:54:45 39 [Note] Server socket created on IP: '::'.
2017-10-27 13:54:45 39 [Warning] 'user' entry 'root@e24d0b5cccc1' ignored in --skip-name-resolve mode.
2017-10-27 13:54:45 39 [Warning] 'user' entry '@e24d0b5cccc1' ignored in --skip-name-resolve mode.
2017-10-27 13:54:45 39 [Warning] 'proxies_priv' entry '@ root@e24d0b5cccc1' ignored in --skip-name-resolve mode.
2017-10-27 13:54:45 39 [Note] Event Scheduler: Loaded 0 events
2017-10-27 13:54:45 39 [Note] /usr/sbin/mysqld: ready for connections.
Version: '5.6.37'  socket: '/var/run/mysqld/mysqld.sock'  port: 3306  MySQL Community Server (GPL)
2017-10-28 03:29:03 40 [Warning] Using unique option prefix myisam-recover instead of myisam-recover-options is deprecated and will be removed in a future release. Please use the full name instead.
2017-10-28 03:29:03 40 [Note] Plugin 'FEDERATED' is disabled.
2017-10-28 03:29:03 40 [Note] InnoDB: Using atomics to ref count buffer pool pages
2017-10-28 03:29:03 40 [Note] InnoDB: The InnoDB memory heap is disabled
2017-10-28 03:29:03 40 [Note] InnoDB: Mutexes and rw_locks use GCC atomic builtins
2017-10-28 03:29:03 40 [Note] InnoDB: Memory barrier is not used
2017-10-28 03:29:03 40 [Note] InnoDB: Compressed tables use zlib 1.2.3
2017-10-28 03:29:03 40 [Note] InnoDB: Using Linux native AIO
2017-10-28 03:29:03 40 [Note] InnoDB: Using CPU crc32 instructions
2017-10-28 03:29:03 40 [Note] InnoDB: Initializing buffer pool, size = 8.0M
2017-10-28 03:29:03 40 [Note] InnoDB: Completed initialization of buffer pool
2017-10-28 03:29:03 40 [Note] InnoDB: Highest supported file format is Barracuda.
2017-10-28 03:29:03 40 [Note] InnoDB: The log sequence numbers 1625987 and 1625987 in ibdata files do not match the log sequence number 5934396 in the ib_logfiles!
2017-10-28 03:29:03 40 [Note] InnoDB: Database was not shutdown normally!
2017-10-28 03:29:03 40 [Note] InnoDB: Starting crash recovery.
2017-10-28 03:29:03 40 [Note] InnoDB: Reading tablespace information from the .ibd files...
2017-10-28 03:29:03 40 [Note] InnoDB: Restoring possible half-written data pages 
2017-10-28 03:29:03 40 [Note] InnoDB: from the doublewrite buffer...
2017-10-28 03:29:03 40 [Note] InnoDB: 128 rollback segment(s) are active.
2017-10-28 03:29:03 40 [Note] InnoDB: Waiting for purge to start
2017-10-28 03:29:03 40 [Note] InnoDB: 5.6.37 started; log sequence number 5934396
2017-10-28 03:29:03 40 [Note] Server hostname (bind-address): '*'; port: 3306
2017-10-28 03:29:03 40 [Note] IPv6 is available.
2017-10-28 03:29:03 40 [Note]   - '::' resolves to '::';
2017-10-28 03:29:03 40 [Note] Server socket created on IP: '::'.
2017-10-28 03:29:03 40 [Warning] 'user' entry 'root@e24d0b5cccc1' ignored in --skip-name-resolve mode.
2017-10-28 03:29:03 40 [Warning] 'user' entry '@e24d0b5cccc1' ignored in --skip-name-resolve mode.
2017-10-28 03:29:03 40 [Warning] 'proxies_priv' entry '@ root@e24d0b5cccc1' ignored in --skip-name-resolve mode.
2017-10-28 03:29:03 40 [Note] Event Scheduler: Loaded 0 events
2017-10-28 03:29:03 40 [Note] /usr/sbin/mysqld: ready for connections.
Version: '5.6.37'  socket: '/var/run/mysqld/mysqld.sock'  port: 3306  MySQL Community Server (GPL)
2017-10-30 18:44:20 21 [Warning] Using unique option prefix myisam-recover instead of myisam-recover-options is deprecated and will be removed in a future release. Please use the full name instead.
2017-10-30 18:44:20 21 [Note] Plugin 'FEDERATED' is disabled.
2017-10-30 18:44:20 21 [Note] InnoDB: Using atomics to ref count buffer pool pages
2017-10-30 18:44:20 21 [Note] InnoDB: The InnoDB memory heap is disabled
2017-10-30 18:44:20 21 [Note] InnoDB: Mutexes and rw_locks use GCC atomic builtins
2017-10-30 18:44:20 21 [Note] InnoDB: Memory barrier is not used
2017-10-30 18:44:20 21 [Note] InnoDB: Compressed tables use zlib 1.2.3
2017-10-30 18:44:20 21 [Note] InnoDB: Using Linux native AIO
2017-10-30 18:44:20 21 [Note] InnoDB: Using CPU crc32 instructions
2017-10-30 18:44:20 21 [Note] InnoDB: Initializing buffer pool, size = 8.0M
2017-10-30 18:44:20 21 [Note] InnoDB: Completed initialization of buffer pool
2017-10-30 18:44:20 21 [Note] InnoDB: Highest supported file format is Barracuda.
2017-10-30 18:44:20 21 [Note] InnoDB: The log sequence numbers 1625987 and 1625987 in ibdata files do not match the log sequence number 5971331 in the ib_logfiles!
2017-10-30 18:44:20 21 [Note] InnoDB: Database was not shutdown normally!
2017-10-30 18:44:20 21 [Note] InnoDB: Starting crash recovery.
2017-10-30 18:44:20 21 [Note] InnoDB: Reading tablespace information from the .ibd files...
2017-10-30 18:44:20 21 [Note] InnoDB: Restoring possible half-written data pages 
2017-10-30 18:44:20 21 [Note] InnoDB: from the doublewrite buffer...
2017-10-30 18:44:20 21 [Note] InnoDB: 128 rollback segment(s) are active.
2017-10-30 18:44:20 21 [Note] InnoDB: Waiting for purge to start
2017-10-30 18:44:20 21 [Note] InnoDB: 5.6.37 started; log sequence number 5971331
2017-10-30 18:44:20 21 [Note] Server hostname (bind-address): '*'; port: 3306
2017-10-30 18:44:20 21 [Note] IPv6 is available.
2017-10-30 18:44:20 21 [Note]   - '::' resolves to '::';
2017-10-30 18:44:20 21 [Note] Server socket created on IP: '::'.
2017-10-30 18:44:20 21 [Warning] 'user' entry 'root@e24d0b5cccc1' ignored in --skip-name-resolve mode.
2017-10-30 18:44:20 21 [Warning] 'user' entry '@e24d0b5cccc1' ignored in --skip-name-resolve mode.
2017-10-30 18:44:20 21 [Warning] 'proxies_priv' entry '@ root@e24d0b5cccc1' ignored in --skip-name-resolve mode.
2017-10-30 18:44:20 21 [Note] Event Scheduler: Loaded 0 events
2017-10-30 18:44:20 21 [Note] /usr/sbin/mysqld: ready for connections.
Version: '5.6.37'  socket: '/var/run/mysqld/mysqld.sock'  port: 3306  MySQL Community Server (GPL)
2017-11-09 21:02:49 39 [Warning] Using unique option prefix myisam-recover instead of myisam-recover-options is deprecated and will be removed in a future release. Please use the full name instead.
2017-11-09 21:02:49 39 [Note] Plugin 'FEDERATED' is disabled.
2017-11-09 21:02:49 39 [Note] InnoDB: Using atomics to ref count buffer pool pages
2017-11-09 21:02:49 39 [Note] InnoDB: The InnoDB memory heap is disabled
2017-11-09 21:02:49 39 [Note] InnoDB: Mutexes and rw_locks use GCC atomic builtins
2017-11-09 21:02:49 39 [Note] InnoDB: Memory barrier is not used
2017-11-09 21:02:49 39 [Note] InnoDB: Compressed tables use zlib 1.2.3
2017-11-09 21:02:49 39 [Note] InnoDB: Using Linux native AIO
2017-11-09 21:02:49 39 [Note] InnoDB: Using CPU crc32 instructions
2017-11-09 21:02:49 39 [Note] InnoDB: Initializing buffer pool, size = 8.0M
2017-11-09 21:02:49 39 [Note] InnoDB: Completed initialization of buffer pool
2017-11-09 21:02:49 39 [Note] InnoDB: Highest supported file format is Barracuda.
2017-11-09 21:02:49 39 [Note] InnoDB: The log sequence numbers 1625987 and 1625987 in ibdata files do not match the log sequence number 8047962 in the ib_logfiles!
2017-11-09 21:02:49 39 [Note] InnoDB: Database was not shutdown normally!
2017-11-09 21:02:49 39 [Note] InnoDB: Starting crash recovery.
2017-11-09 21:02:49 39 [Note] InnoDB: Reading tablespace information from the .ibd files...
2017-11-09 21:02:50 39 [Note] InnoDB: Restoring possible half-written data pages 
2017-11-09 21:02:50 39 [Note] InnoDB: from the doublewrite buffer...
2017-11-09 21:02:50 39 [Note] InnoDB: 128 rollback segment(s) are active.
2017-11-09 21:02:50 39 [Note] InnoDB: Waiting for purge to start
2017-11-09 21:02:50 39 [Note] InnoDB: 5.6.37 started; log sequence number 8047962
2017-11-09 21:02:50 39 [Note] Server hostname (bind-address): '*'; port: 3306
2017-11-09 21:02:50 39 [Note] IPv6 is available.
2017-11-09 21:02:50 39 [Note]   - '::' resolves to '::';
2017-11-09 21:02:50 39 [Note] Server socket created on IP: '::'.
2017-11-09 21:02:50 39 [Warning] 'user' entry 'root@e24d0b5cccc1' ignored in --skip-name-resolve mode.
2017-11-09 21:02:50 39 [Warning] 'user' entry '@e24d0b5cccc1' ignored in --skip-name-resolve mode.
2017-11-09 21:02:50 39 [Warning] 'proxies_priv' entry '@ root@e24d0b5cccc1' ignored in --skip-name-resolve mode.
2017-11-09 21:02:50 39 [Note] Event Scheduler: Loaded 0 events
2017-11-09 21:02:50 39 [Note] /usr/sbin/mysqld: ready for connections.
Version: '5.6.37'  socket: '/var/run/mysqld/mysqld.sock'  port: 3306  MySQL Community Server (GPL)
2017-11-21 15:44:35 21 [Warning] Using unique option prefix myisam-recover instead of myisam-recover-options is deprecated and will be removed in a future release. Please use the full name instead.
2017-11-21 15:44:35 21 [Note] Plugin 'FEDERATED' is disabled.
2017-11-21 15:44:35 21 [Note] InnoDB: Using atomics to ref count buffer pool pages
2017-11-21 15:44:35 21 [Note] InnoDB: The InnoDB memory heap is disabled
2017-11-21 15:44:35 21 [Note] InnoDB: Mutexes and rw_locks use GCC atomic builtins
2017-11-21 15:44:35 21 [Note] InnoDB: Memory barrier is not used
2017-11-21 15:44:35 21 [Note] InnoDB: Compressed tables use zlib 1.2.3
2017-11-21 15:44:35 21 [Note] InnoDB: Using Linux native AIO
2017-11-21 15:44:35 21 [Note] InnoDB: Using CPU crc32 instructions
2017-11-21 15:44:35 21 [Note] InnoDB: Initializing buffer pool, size = 8.0M
2017-11-21 15:44:35 21 [Note] InnoDB: Completed initialization of buffer pool
2017-11-21 15:44:35 21 [Note] InnoDB: Highest supported file format is Barracuda.
2017-11-21 15:44:35 21 [Note] InnoDB: The log sequence numbers 1625987 and 1625987 in ibdata files do not match the log sequence number 9398694 in the ib_logfiles!
2017-11-21 15:44:35 21 [Note] InnoDB: Database was not shutdown normally!
2017-11-21 15:44:35 21 [Note] InnoDB: Starting crash recovery.
2017-11-21 15:44:35 21 [Note] InnoDB: Reading tablespace information from the .ibd files...
2017-11-21 15:44:35 21 [Note] InnoDB: Restoring possible half-written data pages 
2017-11-21 15:44:35 21 [Note] InnoDB: from the doublewrite buffer...
2017-11-21 15:44:35 21 [Note] InnoDB: 128 rollback segment(s) are active.
2017-11-21 15:44:35 21 [Note] InnoDB: Waiting for purge to start
2017-11-21 15:44:35 21 [Note] InnoDB: 5.6.37 started; log sequence number 9398694
2017-11-21 15:44:35 21 [Note] Server hostname (bind-address): '*'; port: 3306
2017-11-21 15:44:35 21 [Note] IPv6 is available.
2017-11-21 15:44:35 21 [Note]   - '::' resolves to '::';
2017-11-21 15:44:35 21 [Note] Server socket created on IP: '::'.
2017-11-21 15:44:35 21 [Warning] 'user' entry 'root@e24d0b5cccc1' ignored in --skip-name-resolve mode.
2017-11-21 15:44:35 21 [Warning] 'user' entry '@e24d0b5cccc1' ignored in --skip-name-resolve mode.
2017-11-21 15:44:35 21 [Warning] 'proxies_priv' entry '@ root@e24d0b5cccc1' ignored in --skip-name-resolve mode.
2017-11-21 15:44:35 21 [Note] Event Scheduler: Loaded 0 events
2017-11-21 15:44:35 21 [Note] /usr/sbin/mysqld: ready for connections.
Version: '5.6.37'  socket: '/var/run/mysqld/mysqld.sock'  port: 3306  MySQL Community Server (GPL)
2017-12-02 18:26:14 22 [Warning] Using unique option prefix myisam-recover instead of myisam-recover-options is deprecated and will be removed in a future release. Please use the full name instead.
2017-12-02 18:26:14 22 [Note] Plugin 'FEDERATED' is disabled.
2017-12-02 18:26:14 22 [Note] InnoDB: Using atomics to ref count buffer pool pages
2017-12-02 18:26:14 22 [Note] InnoDB: The InnoDB memory heap is disabled
2017-12-02 18:26:14 22 [Note] InnoDB: Mutexes and rw_locks use GCC atomic builtins
2017-12-02 18:26:14 22 [Note] InnoDB: Memory barrier is not used
2017-12-02 18:26:14 22 [Note] InnoDB: Compressed tables use zlib 1.2.3
2017-12-02 18:26:14 22 [Note] InnoDB: Using Linux native AIO
2017-12-02 18:26:14 22 [Note] InnoDB: Using CPU crc32 instructions
2017-12-02 18:26:14 22 [Note] InnoDB: Initializing buffer pool, size = 8.0M
2017-12-02 18:26:14 22 [Note] InnoDB: Completed initialization of buffer pool
2017-12-02 18:26:14 22 [Note] InnoDB: Highest supported file format is Barracuda.
2017-12-02 18:26:14 22 [Note] InnoDB: The log sequence numbers 1625987 and 1625987 in ibdata files do not match the log sequence number 9991285 in the ib_logfiles!
2017-12-02 18:26:14 22 [Note] InnoDB: Database was not shutdown normally!
2017-12-02 18:26:14 22 [Note] InnoDB: Starting crash recovery.
2017-12-02 18:26:14 22 [Note] InnoDB: Reading tablespace information from the .ibd files...
2017-12-02 18:26:14 22 [Note] InnoDB: Restoring possible half-written data pages 
2017-12-02 18:26:14 22 [Note] InnoDB: from the doublewrite buffer...
2017-12-02 18:26:14 22 [Note] InnoDB: 128 rollback segment(s) are active.
2017-12-02 18:26:14 22 [Note] InnoDB: Waiting for purge to start
2017-12-02 18:26:15 22 [Note] InnoDB: 5.6.37 started; log sequence number 9991285
2017-12-02 18:26:15 22 [Note] Server hostname (bind-address): '*'; port: 3306
2017-12-02 18:26:15 22 [Note] IPv6 is available.
2017-12-02 18:26:15 22 [Note]   - '::' resolves to '::';
2017-12-02 18:26:15 22 [Note] Server socket created on IP: '::'.
2017-12-02 18:26:15 22 [Warning] 'user' entry 'root@e24d0b5cccc1' ignored in --skip-name-resolve mode.
2017-12-02 18:26:15 22 [Warning] 'user' entry '@e24d0b5cccc1' ignored in --skip-name-resolve mode.
2017-12-02 18:26:15 22 [Warning] 'proxies_priv' entry '@ root@e24d0b5cccc1' ignored in --skip-name-resolve mode.
2017-12-02 18:26:15 22 [Note] Event Scheduler: Loaded 0 events
2017-12-02 18:26:15 22 [Note] /usr/sbin/mysqld: ready for connections.
Version: '5.6.37'  socket: '/var/run/mysqld/mysqld.sock'  port: 3306  MySQL Community Server (GPL)
2017-12-02 18:27:11 21 [Warning] Using unique option prefix myisam-recover instead of myisam-recover-options is deprecated and will be removed in a future release. Please use the full name instead.
2017-12-02 18:27:11 21 [Note] Plugin 'FEDERATED' is disabled.
2017-12-02 18:27:11 21 [Note] InnoDB: Using atomics to ref count buffer pool pages
2017-12-02 18:27:11 21 [Note] InnoDB: The InnoDB memory heap is disabled
2017-12-02 18:27:11 21 [Note] InnoDB: Mutexes and rw_locks use GCC atomic builtins
2017-12-02 18:27:11 21 [Note] InnoDB: Memory barrier is not used
2017-12-02 18:27:11 21 [Note] InnoDB: Compressed tables use zlib 1.2.3
2017-12-02 18:27:11 21 [Note] InnoDB: Using Linux native AIO
2017-12-02 18:27:11 21 [Note] InnoDB: Using CPU crc32 instructions
2017-12-02 18:27:11 21 [Note] InnoDB: Initializing buffer pool, size = 8.0M
2017-12-02 18:27:11 21 [Note] InnoDB: Completed initialization of buffer pool
2017-12-02 18:27:11 21 [Note] InnoDB: Highest supported file format is Barracuda.
2017-12-02 18:27:11 21 [Note] InnoDB: The log sequence numbers 1625987 and 1625987 in ibdata files do not match the log sequence number 9991295 in the ib_logfiles!
2017-12-02 18:27:11 21 [Note] InnoDB: Database was not shutdown normally!
2017-12-02 18:27:11 21 [Note] InnoDB: Starting crash recovery.
2017-12-02 18:27:11 21 [Note] InnoDB: Reading tablespace information from the .ibd files...
2017-12-02 18:27:11 21 [Note] InnoDB: Restoring possible half-written data pages 
2017-12-02 18:27:11 21 [Note] InnoDB: from the doublewrite buffer...
2017-12-02 18:27:11 21 [Note] InnoDB: 128 rollback segment(s) are active.
2017-12-02 18:27:11 21 [Note] InnoDB: Waiting for purge to start
2017-12-02 18:27:11 21 [Note] InnoDB: 5.6.37 started; log sequence number 9991295
2017-12-02 18:27:11 21 [Note] Server hostname (bind-address): '*'; port: 3306
2017-12-02 18:27:11 21 [Note] IPv6 is available.
2017-12-02 18:27:11 21 [Note]   - '::' resolves to '::';
2017-12-02 18:27:11 21 [Note] Server socket created on IP: '::'.
2017-12-02 18:27:11 21 [Warning] 'user' entry 'root@e24d0b5cccc1' ignored in --skip-name-resolve mode.
2017-12-02 18:27:11 21 [Warning] 'user' entry '@e24d0b5cccc1' ignored in --skip-name-resolve mode.
2017-12-02 18:27:11 21 [Warning] 'proxies_priv' entry '@ root@e24d0b5cccc1' ignored in --skip-name-resolve mode.
2017-12-02 18:27:11 21 [Note] Event Scheduler: Loaded 0 events
2017-12-02 18:27:11 21 [Note] /usr/sbin/mysqld: ready for connections.
Version: '5.6.37'  socket: '/var/run/mysqld/mysqld.sock'  port: 3306  MySQL Community Server (GPL)
2017-12-02 18:29:39 40 [Warning] Using unique option prefix myisam-recover instead of myisam-recover-options is deprecated and will be removed in a future release. Please use the full name instead.
2017-12-02 18:29:39 40 [Note] Plugin 'FEDERATED' is disabled.
2017-12-02 18:29:39 40 [Note] InnoDB: Using atomics to ref count buffer pool pages
2017-12-02 18:29:39 40 [Note] InnoDB: The InnoDB memory heap is disabled
2017-12-02 18:29:39 40 [Note] InnoDB: Mutexes and rw_locks use GCC atomic builtins
2017-12-02 18:29:39 40 [Note] InnoDB: Memory barrier is not used
2017-12-02 18:29:39 40 [Note] InnoDB: Compressed tables use zlib 1.2.3
2017-12-02 18:29:39 40 [Note] InnoDB: Using Linux native AIO
2017-12-02 18:29:39 40 [Note] InnoDB: Using CPU crc32 instructions
2017-12-02 18:29:39 40 [Note] InnoDB: Initializing buffer pool, size = 8.0M
2017-12-02 18:29:39 40 [Note] InnoDB: Completed initialization of buffer pool
2017-12-02 18:29:39 40 [Note] InnoDB: Highest supported file format is Barracuda.
2017-12-02 18:29:39 40 [Note] InnoDB: The log sequence numbers 1625987 and 1625987 in ibdata files do not match the log sequence number 9994722 in the ib_logfiles!
2017-12-02 18:29:39 40 [Note] InnoDB: Database was not shutdown normally!
2017-12-02 18:29:39 40 [Note] InnoDB: Starting crash recovery.
2017-12-02 18:29:39 40 [Note] InnoDB: Reading tablespace information from the .ibd files...
2017-12-02 18:29:39 40 [Note] InnoDB: Restoring possible half-written data pages 
2017-12-02 18:29:39 40 [Note] InnoDB: from the doublewrite buffer...
2017-12-02 18:29:40 40 [Note] InnoDB: 128 rollback segment(s) are active.
2017-12-02 18:29:40 40 [Note] InnoDB: Waiting for purge to start
2017-12-02 18:29:40 40 [Note] InnoDB: 5.6.37 started; log sequence number 9994722
2017-12-02 18:29:40 40 [Note] Server hostname (bind-address): '*'; port: 3306
2017-12-02 18:29:40 40 [Note] IPv6 is available.
2017-12-02 18:29:40 40 [Note]   - '::' resolves to '::';
2017-12-02 18:29:40 40 [Note] Server socket created on IP: '::'.
2017-12-02 18:29:40 40 [Warning] 'user' entry 'root@e24d0b5cccc1' ignored in --skip-name-resolve mode.
2017-12-02 18:29:40 40 [Warning] 'user' entry '@e24d0b5cccc1' ignored in --skip-name-resolve mode.
2017-12-02 18:29:40 40 [Warning] 'proxies_priv' entry '@ root@e24d0b5cccc1' ignored in --skip-name-resolve mode.
2017-12-02 18:29:40 40 [Note] Event Scheduler: Loaded 0 events
2017-12-02 18:29:40 40 [Note] /usr/sbin/mysqld: ready for connections.
Version: '5.6.37'  socket: '/var/run/mysqld/mysqld.sock'  port: 3306  MySQL Community Server (GPL)
2018-03-05 22:55:34 64 [Warning] Using unique option prefix myisam-recover instead of myisam-recover-options is deprecated and will be removed in a future release. Please use the full name instead.
2018-03-05 22:55:34 64 [Note] Plugin 'FEDERATED' is disabled.
2018-03-05 22:55:34 64 [Note] InnoDB: Using atomics to ref count buffer pool pages
2018-03-05 22:55:34 64 [Note] InnoDB: The InnoDB memory heap is disabled
2018-03-05 22:55:34 64 [Note] InnoDB: Mutexes and rw_locks use GCC atomic builtins
2018-03-05 22:55:34 64 [Note] InnoDB: Memory barrier is not used
2018-03-05 22:55:34 64 [Note] InnoDB: Compressed tables use zlib 1.2.3
2018-03-05 22:55:34 64 [Note] InnoDB: Using Linux native AIO
2018-03-05 22:55:34 64 [Note] InnoDB: Using CPU crc32 instructions
2018-03-05 22:55:34 64 [Note] InnoDB: Initializing buffer pool, size = 8.0M
2018-03-05 22:55:34 64 [Note] InnoDB: Completed initialization of buffer pool
2018-03-05 22:55:34 64 [Note] InnoDB: Highest supported file format is Barracuda.
2018-03-05 22:55:34 64 [Note] InnoDB: The log sequence numbers 1625987 and 1625987 in ibdata files do not match the log sequence number 10069387 in the ib_logfiles!
2018-03-05 22:55:34 64 [Note] InnoDB: Database was not shutdown normally!
2018-03-05 22:55:34 64 [Note] InnoDB: Starting crash recovery.
2018-03-05 22:55:34 64 [Note] InnoDB: Reading tablespace information from the .ibd files...
2018-03-05 22:55:34 64 [Note] InnoDB: Restoring possible half-written data pages 
2018-03-05 22:55:34 64 [Note] InnoDB: from the doublewrite buffer...
2018-03-05 22:55:34 64 [Note] InnoDB: 128 rollback segment(s) are active.
2018-03-05 22:55:34 64 [Note] InnoDB: Waiting for purge to start
2018-03-05 22:55:34 64 [Note] InnoDB: 5.6.37 started; log sequence number 10069387
2018-03-05 22:55:34 64 [Note] Server hostname (bind-address): '*'; port: 3306
2018-03-05 22:55:34 64 [Note] IPv6 is available.
2018-03-05 22:55:34 64 [Note]   - '::' resolves to '::';
2018-03-05 22:55:34 64 [Note] Server socket created on IP: '::'.
2018-03-05 22:55:34 64 [Warning] 'user' entry 'root@e24d0b5cccc1' ignored in --skip-name-resolve mode.
2018-03-05 22:55:34 64 [Warning] 'user' entry '@e24d0b5cccc1' ignored in --skip-name-resolve mode.
2018-03-05 22:55:34 64 [Warning] 'proxies_priv' entry '@ root@e24d0b5cccc1' ignored in --skip-name-resolve mode.
2018-03-05 22:55:34 64 [Note] Event Scheduler: Loaded 0 events
2018-03-05 22:55:34 64 [Note] /usr/sbin/mysqld: ready for connections.
Version: '5.6.37'  socket: '/var/run/mysqld/mysqld.sock'  port: 3306  MySQL Community Server (GPL)
2018-03-06 14:34:44 64 [Note] /usr/sbin/mysqld: Normal shutdown

2018-03-06 14:34:44 64 [Note] Giving 4 client threads a chance to die gracefully
2018-03-06 14:34:44 64 [Note] Event Scheduler: Purging the queue. 0 events
2018-03-06 14:34:44 64 [Note] Shutting down slave threads
2018-03-06 14:34:46 64 [Note] Forcefully disconnecting 0 remaining clients
2018-03-06 14:34:46 64 [Note] Binlog end
2018-03-06 14:34:46 64 [Note] Shutting down plugin 'partition'
2018-03-06 14:34:46 64 [Note] Shutting down plugin 'INNODB_SYS_DATAFILES'
2018-03-06 14:34:46 64 [Note] Shutting down plugin 'INNODB_SYS_TABLESPACES'
2018-03-06 14:34:46 64 [Note] Shutting down plugin 'INNODB_SYS_FOREIGN_COLS'
2018-03-06 14:34:46 64 [Note] Shutting down plugin 'INNODB_SYS_FOREIGN'
2018-03-06 14:34:46 64 [Note] Shutting down plugin 'INNODB_SYS_FIELDS'
2018-03-06 14:34:46 64 [Note] Shutting down plugin 'INNODB_SYS_COLUMNS'
2018-03-06 14:34:46 64 [Note] Shutting down plugin 'INNODB_SYS_INDEXES'
2018-03-06 14:34:46 64 [Note] Shutting down plugin 'INNODB_SYS_TABLESTATS'
2018-03-06 14:34:46 64 [Note] Shutting down plugin 'INNODB_SYS_TABLES'
2018-03-06 14:34:46 64 [Note] Shutting down plugin 'INNODB_FT_INDEX_TABLE'
2018-03-06 14:34:46 64 [Note] Shutting down plugin 'INNODB_FT_INDEX_CACHE'
2018-03-06 14:34:46 64 [Note] Shutting down plugin 'INNODB_FT_CONFIG'
2018-03-06 14:34:46 64 [Note] Shutting down plugin 'INNODB_FT_BEING_DELETED'
2018-03-06 14:34:46 64 [Note] Shutting down plugin 'INNODB_FT_DELETED'
2018-03-06 14:34:46 64 [Note] Shutting down plugin 'INNODB_FT_DEFAULT_STOPWORD'
2018-03-06 14:34:46 64 [Note] Shutting down plugin 'INNODB_METRICS'
2018-03-06 14:34:46 64 [Note] Shutting down plugin 'INNODB_BUFFER_POOL_STATS'
2018-03-06 14:34:46 64 [Note] Shutting down plugin 'INNODB_BUFFER_PAGE_LRU'
2018-03-06 14:34:46 64 [Note] Shutting down plugin 'INNODB_BUFFER_PAGE'
2018-03-06 14:34:46 64 [Note] Shutting down plugin 'INNODB_CMP_PER_INDEX_RESET'
2018-03-06 14:34:46 64 [Note] Shutting down plugin 'INNODB_CMP_PER_INDEX'
2018-03-06 14:34:46 64 [Note] Shutting down plugin 'INNODB_CMPMEM_RESET'
2018-03-06 14:34:46 64 [Note] Shutting down plugin 'INNODB_CMPMEM'
2018-03-06 14:34:46 64 [Note] Shutting down plugin 'INNODB_CMP_RESET'
2018-03-06 14:34:46 64 [Note] Shutting down plugin 'INNODB_CMP'
2018-03-06 14:34:46 64 [Note] Shutting down plugin 'INNODB_LOCK_WAITS'
2018-03-06 14:34:46 64 [Note] Shutting down plugin 'INNODB_LOCKS'
2018-03-06 14:34:46 64 [Note] Shutting down plugin 'INNODB_TRX'
2018-03-06 14:34:46 64 [Note] Shutting down plugin 'InnoDB'
2018-03-06 14:34:46 64 [Note] InnoDB: FTS optimize thread exiting.
2018-03-06 14:34:46 64 [Note] InnoDB: Starting shutdown...
2018-03-06 14:42:16 56 [Warning] Using unique option prefix myisam-recover instead of myisam-recover-options is deprecated and will be removed in a future release. Please use the full name instead.
2018-03-06 14:42:16 56 [Note] Plugin 'FEDERATED' is disabled.
2018-03-06 14:42:16 56 [Note] InnoDB: Using atomics to ref count buffer pool pages
2018-03-06 14:42:16 56 [Note] InnoDB: The InnoDB memory heap is disabled
2018-03-06 14:42:16 56 [Note] InnoDB: Mutexes and rw_locks use GCC atomic builtins
2018-03-06 14:42:16 56 [Note] InnoDB: Memory barrier is not used
2018-03-06 14:42:16 56 [Note] InnoDB: Compressed tables use zlib 1.2.3
2018-03-06 14:42:16 56 [Note] InnoDB: Using Linux native AIO
2018-03-06 14:42:16 56 [Note] InnoDB: Using CPU crc32 instructions
2018-03-06 14:42:16 56 [Note] InnoDB: Initializing buffer pool, size = 8.0M
2018-03-06 14:42:16 56 [Note] InnoDB: Completed initialization of buffer pool
2018-03-06 14:42:16 56 [Note] InnoDB: Highest supported file format is Barracuda.
2018-03-06 14:42:16 56 [Note] InnoDB: The log sequence numbers 1625987 and 1625987 in ibdata files do not match the log sequence number 10111476 in the ib_logfiles!
2018-03-06 14:42:16 56 [Note] InnoDB: Database was not shutdown normally!
2018-03-06 14:42:16 56 [Note] InnoDB: Starting crash recovery.
2018-03-06 14:42:16 56 [Note] InnoDB: Reading tablespace information from the .ibd files...
2018-03-06 14:42:16 56 [Note] InnoDB: Restoring possible half-written data pages 
2018-03-06 14:42:16 56 [Note] InnoDB: from the doublewrite buffer...
2018-03-06 14:42:16 56 [Note] InnoDB: 128 rollback segment(s) are active.
2018-03-06 14:42:16 56 [Note] InnoDB: Waiting for purge to start
2018-03-06 14:42:16 56 [Note] InnoDB: 5.6.37 started; log sequence number 10111476
2018-03-06 14:42:16 56 [Note] Server hostname (bind-address): '*'; port: 3306
2018-03-06 14:42:16 56 [Note] IPv6 is available.
2018-03-06 14:42:16 56 [Note]   - '::' resolves to '::';
2018-03-06 14:42:16 56 [Note] Server socket created on IP: '::'.
2018-03-06 14:42:16 56 [Warning] 'user' entry 'root@e24d0b5cccc1' ignored in --skip-name-resolve mode.
2018-03-06 14:42:16 56 [Warning] 'user' entry '@e24d0b5cccc1' ignored in --skip-name-resolve mode.
2018-03-06 14:42:16 56 [Warning] 'proxies_priv' entry '@ root@e24d0b5cccc1' ignored in --skip-name-resolve mode.
2018-03-06 14:42:16 56 [Note] Event Scheduler: Loaded 0 events
2018-03-06 14:42:16 56 [Note] /usr/sbin/mysqld: ready for connections.
Version: '5.6.37'  socket: '/var/run/mysqld/mysqld.sock'  port: 3306  MySQL Community Server (GPL)
2018-03-06 17:53:24 56 [Note] /usr/sbin/mysqld: Normal shutdown

2018-03-06 17:53:24 56 [Note] Giving 1 client threads a chance to die gracefully
2018-03-06 17:53:24 56 [Note] Event Scheduler: Purging the queue. 0 events
2018-03-06 17:53:24 56 [Note] Shutting down slave threads
2018-03-06 17:53:26 56 [Note] Forcefully disconnecting 0 remaining clients
2018-03-06 17:53:26 56 [Note] Binlog end
2018-03-06 17:53:26 56 [Note] Shutting down plugin 'partition'
2018-03-06 17:53:26 56 [Note] Shutting down plugin 'INNODB_SYS_DATAFILES'
2018-03-06 17:53:26 56 [Note] Shutting down plugin 'INNODB_SYS_TABLESPACES'
2018-03-06 17:53:26 56 [Note] Shutting down plugin 'INNODB_SYS_FOREIGN_COLS'
2018-03-06 17:53:26 56 [Note] Shutting down plugin 'INNODB_SYS_FOREIGN'
2018-03-06 17:53:26 56 [Note] Shutting down plugin 'INNODB_SYS_FIELDS'
2018-03-06 17:53:26 56 [Note] Shutting down plugin 'INNODB_SYS_COLUMNS'
2018-03-06 17:53:26 56 [Note] Shutting down plugin 'INNODB_SYS_INDEXES'
2018-03-06 17:53:26 56 [Note] Shutting down plugin 'INNODB_SYS_TABLESTATS'
2018-03-06 17:53:26 56 [Note] Shutting down plugin 'INNODB_SYS_TABLES'
2018-03-06 17:53:26 56 [Note] Shutting down plugin 'INNODB_FT_INDEX_TABLE'
2018-03-06 17:53:26 56 [Note] Shutting down plugin 'INNODB_FT_INDEX_CACHE'
2018-03-06 17:53:26 56 [Note] Shutting down plugin 'INNODB_FT_CONFIG'
2018-03-06 17:53:26 56 [Note] Shutting down plugin 'INNODB_FT_BEING_DELETED'
2018-03-06 17:53:26 56 [Note] Shutting down plugin 'INNODB_FT_DELETED'
2018-03-06 17:53:26 56 [Note] Shutting down plugin 'INNODB_FT_DEFAULT_STOPWORD'
2018-03-06 17:53:26 56 [Note] Shutting down plugin 'INNODB_METRICS'
2018-03-06 17:53:26 56 [Note] Shutting down plugin 'INNODB_BUFFER_POOL_STATS'
2018-03-06 17:53:26 56 [Note] Shutting down plugin 'INNODB_BUFFER_PAGE_LRU'
2018-03-06 17:53:26 56 [Note] Shutting down plugin 'INNODB_BUFFER_PAGE'
2018-03-06 17:53:26 56 [Note] Shutting down plugin 'INNODB_CMP_PER_INDEX_RESET'
2018-03-06 17:53:26 56 [Note] Shutting down plugin 'INNODB_CMP_PER_INDEX'
2018-03-06 17:53:26 56 [Note] Shutting down plugin 'INNODB_CMPMEM_RESET'
2018-03-06 17:53:26 56 [Note] Shutting down plugin 'INNODB_CMPMEM'
2018-03-06 17:53:26 56 [Note] Shutting down plugin 'INNODB_CMP_RESET'
2018-03-06 17:53:26 56 [Note] Shutting down plugin 'INNODB_CMP'
2018-03-06 17:53:26 56 [Note] Shutting down plugin 'INNODB_LOCK_WAITS'
2018-03-06 17:53:26 56 [Note] Shutting down plugin 'INNODB_LOCKS'
2018-03-06 17:53:26 56 [Note] Shutting down plugin 'INNODB_TRX'
2018-03-06 17:53:26 56 [Note] Shutting down plugin 'InnoDB'
2018-03-06 17:53:26 56 [Note] InnoDB: FTS optimize thread exiting.
2018-03-06 17:53:26 56 [Note] InnoDB: Starting shutdown...
